<?xml version="1.0" encoding="UTF-8"?>
<!-- Generated by org.testng.reporters.JUnitReportReporter -->
<testsuite hostname="DESKTOP-R5FUEAI" failures="0" tests="1" name="PageTest.AddCustomerTest" time="44.422" errors="0" timestamp="2023-01-04T12:09:16 CST" skipped="0">
  <testcase classname="PageTest.AddCustomerTest" name="userShouldBeAbleToAddCustomer" time="44.422"/>
  <system-out/>
</testsuite> <!-- PageTest.AddCustomerTest -->
