<?xml version="1.0" encoding="UTF-8"?>
<!-- Generated by org.testng.reporters.JUnitReportReporter -->
<testsuite hostname="DESKTOP-R5FUEAI" failures="0" tests="1" name="PageTest.AddCustomerTest" time="35.188" errors="0" timestamp="2023-01-03T18:13:15 CST" skipped="0">
  <testcase classname="PageTest.AddCustomerTest" name="userShouldBeAbleToAddCustomer" time="35.188"/>
  <system-out/>
</testsuite> <!-- PageTest.AddCustomerTest -->
